2022-05-26 11:43:03.345
Collecting data from: https://www.imdb.com/search/title/?title_type=tv_movie&release_date=2021-06-01,2021-08-31&count=150
Name: Spin
Director: Manjari Makijany
Screenwriter: Josh A. Cagan, Carley Steiner
Length: 93 min
Releasedate: 2021-08-15
Cast: Avantika, Abhay Deol, Meera Syal, Aryan Simhadri
Tags: Comedy, Family, Music

2022-05-26 11:43:05.397
Collecting data from: https://www.imdb.com/search/title/?title_type=tv_movie&release_date=2021-06-01,2021-08-31&count=150
Name: Soccer Mom Madam
Director: Kevin Fair
Screenwriter: Barbara Marshall
Length: 88 min
Releasedate: 2021-06-06
Cast: Jana Kramer, Leah Gibson, Matty Finochio, Taylor Dianne Robinson
Tags: Drama

2022-05-26 11:43:07.185
Collecting data from: https://www.imdb.com/search/title/?title_type=tv_movie&release_date=2021-06-01,2021-08-31&count=150
Name: The Baker's Son
Director: Mark Jean
Screenwriter: Steven Peterman, Gary Dontzig
Length: 93 min
Releasedate: 2021-06-12
Cast: Eloise Mumford, Brant Daugherty, Maude Green, Haig Sutherland
Tags: Comedy, Family, Music

2022-05-26 11:43:09.201
Collecting data from: https://www.imdb.com/search/title/?title_type=tv_movie&release_date=2021-06-01,2021-08-31&count=150
Name: Her Deadly Boyfriend
Director: Brooke Nevin
Screenwriter: Mark Gantt, Brooke Purdy, Evan Unruh
Length: 85 min
Releasedate: 2021-06-01
Cast: Alicia Leigh Willis, Kalen Bull, Matthew Pohlkamp, Carter W Glade
Tags: Crime, Drama, Thriller

2022-05-26 11:43:11.129
Collecting data from: https://www.imdb.com/search/title/?title_type=tv_movie&release_date=2021-06-01,2021-08-31&count=150
Name: Black Island
Director: Miguel Alexandre
Screenwriter: Miguel Alexandre, Lisa Hofer
Length: 104 min
Releasedate: 2021-08-18
Cast: Jolene Andersen, Alice Dwyer, Susan Angelo, Hanns Zischler
Tags: Drama, Mystery, Thriller

2022-05-26 11:43:12.766
Collecting data from: https://www.imdb.com/search/title/?title_type=tv_movie&release_date=2021-06-01,2021-08-31&count=150
Name: A Honeymoon to Remember
Director: Danny J. Boyle
Screenwriter: Mark Valenti
Length: 85 min
Releasedate: 2021-07-27
Cast: Rebecca Dalton, Edward Ruttle, Spencer Lord, Jocelyn Gauthier
Tags: Romance

2022-05-26 11:43:14.485
Collecting data from: https://www.imdb.com/search/title/?title_type=tv_movie&release_date=2021-06-01,2021-08-31&count=150
Name: Her Pen Pal
Director: Clare Niederpruem
Screenwriter: Kim Askew, Joie Botkin, Amy Helmes
Length: 84 min
Releasedate: 2021-06-19
Cast: Mallory Jansen, Joshua Sasse, Lachlan Nieboer, Jayne Wisener
Tags: Drama, Romance

2022-05-26 11:43:16.55
Collecting data from: https://www.imdb.com/search/title/?title_type=tv_movie&release_date=2021-06-01,2021-08-31&count=150
Name: Killer Cheer Mom
Director: Randy Carter
Screenwriter: Anna White
Length: 87 min
Releasedate: 2021-08-28
Cast: Denise Richards, Thomas Calabro, Courtney Fulk, Jay Jay Warren
Tags: Drama, Thriller

2022-05-26 11:43:18.098
Collecting data from: https://www.imdb.com/search/title/?title_type=tv_movie&release_date=2021-06-01,2021-08-31&count=150
Name: To Catch a Spy
Director: Jeff Beesley
Screenwriter: Rick Garman
Length: 90 min
Releasedate: 2021-06-20
Cast: Nathalie Kelley, Colin Donnell, Patti Murin, Davy Eduard King
Tags: Mystery, Romance

2022-05-26 11:43:19.636
Collecting data from: https://www.imdb.com/search/title/?title_type=tv_movie&release_date=2021-06-01,2021-08-31&count=150
Name: Lethal Love Triangle
Director: Daniel West
Screenwriter: Kelly Peters, Amy Katherine Taylor, Daniel West
Length: 87 min
Releasedate: 2021-08-08
Cast: Savvy Shay, Jacob Taylor, April Martucci, Terry Woodberry
Tags: Crime, Drama, Romance

2022-05-26 11:43:21.303
Collecting data from: https://www.imdb.com/search/title/?title_type=tv_movie&release_date=2021-06-01,2021-08-31&count=150
Name: Sand Dollar Cove
Director: Fred Gerber
Screenwriter: Alex Wright, Nancy Naigle
Length: 84 min
Releasedate: 2021-06-26
Cast: Chad Michael Murray, Aly Michalka, Clare Bowen, Glynnis O'Connor
Tags: Drama, Romance

2022-05-26 11:43:22.791
Collecting data from: https://www.imdb.com/search/title/?title_type=tv_movie&release_date=2021-06-01,2021-08-31&count=150
Name: Together Forever Tea
Director: Joshua Frizzell
Screenwriter: Elizabeth Stewart
Length: 90 min
Releasedate: 2021-06-05
Cast: Jay Ryan, Kimberley Crossman, Jordi Webber, Emmett Skilton
Tags: Comedy, Romance

2022-05-26 11:43:24.03
Collecting data from: https://www.imdb.com/search/title/?title_type=tv_movie&release_date=2021-06-01,2021-08-31&count=150
Name: Left for Dead: The Ashley Reeves Story
Director: Gloria Kim
Screenwriter: Christina Welsh
Length: 87 min
Releasedate: 2021-06-12
Cast: Anwen O'Driscoll, Jennie Garth, Sebastien Roberts, David MacInnis
Tags: Drama, Thriller

2022-05-26 11:43:25.437
Collecting data from: https://www.imdb.com/search/title/?title_type=tv_movie&release_date=2021-06-01,2021-08-31&count=150
Name: Murder on Maple Drive
Director: Michelle Ouellet
Screenwriter: Matt Fitzsimons, Ken Miyamoto
Length: 87 min
Releasedate: 2021-07-25
Cast: Bea Santos, Sebastien Roberts, Mairi Babb, Andrew Bushell
Tags: Crime, Drama

2022-05-26 11:43:26.954
Collecting data from: https://www.imdb.com/search/title/?title_type=tv_movie&release_date=2021-06-01,2021-08-31&count=150
Name: Secrets of a Gold Digger Killer
Director: Robin Hays
Screenwriter: Margaux Froley, Donald Martin, Suzy Spencer
Length: 87 min
Releasedate: 2021-06-13
Cast: Julie Benz, Roan Curtis, Georgia Bradner, Eli Gabay
Tags: Crime, Drama

2022-05-26 11:43:28.577
Collecting data from: https://www.imdb.com/search/title/?title_type=tv_movie&release_date=2021-06-01,2021-08-31&count=150
Name: Don't Forget I Love You
Director: Christie Will Wolf
Screenwriter: Barbara Kymlicka
Length: 84 min
Releasedate: 2022-01-22
Cast: Emilie Ullerup, Clayton James, Daphne Hoskins, Teagan Vincze
Tags: Drama, Romance

2022-05-26 11:43:29.874
Collecting data from: https://www.imdb.com/search/title/?title_type=tv_movie&release_date=2021-06-01,2021-08-31&count=150
Name: Lethal Love
Director: Avi Federgreen
Screenwriter: Heather Taylor
Length: 87 min
Releasedate: 2021-07-08
Cast: Joelle Farrow, David Pinard, Torri Higginson, Tommie-Amber Pirie
Tags: Thriller

2022-05-26 11:43:31.241
Collecting data from: https://www.imdb.com/search/title/?title_type=tv_movie&release_date=2021-06-01,2021-08-31&count=150
Name: Deadly Mom Retreat
Director: Jane T. Higgins
Screenwriter: Jessica Landry
Length: 84 min
Releasedate: 2021-08-05
Cast: Lara Amersey, Christina Cox, Chris Violette, Tanya Clarke
Tags: Drama, Thriller

2022-05-26 11:43:32.726
Collecting data from: https://www.imdb.com/search/title/?title_type=tv_movie&release_date=2021-06-01,2021-08-31&count=150
Name: Love, for Real
Director: Maclain Nelson
Screenwriter: Erinne Dobson
Length: 84 min
Releasedate: 2021-07-31
Cast: Chloe Bridges, Taiana Tully, Scott Michael Foster, Corbin Bleu
Tags: Comedy, Romance

2022-05-26 11:43:34.595
Collecting data from: https://www.imdb.com/search/title/?title_type=tv_movie&release_date=2021-06-01,2021-08-31&count=150
Name: The 27-Hour Day
Director: David Winning
Screenwriter: Deborah Jones, Audrey Shulman
Length: 84 min
Releasedate: 2021-08-07
Cast: Autumn Reeser, Andrew W. Walker, Rhiannon Fish, Colleen Wheeler
Tags: Romance

2022-05-26 11:43:36.237
Collecting data from: https://www.imdb.com/search/title/?title_type=tv_movie&release_date=2021-06-01,2021-08-31&count=150
Name: Monster Hunter: Legends of the Guild
Director: Steve Yamamoto
Screenwriter: Joshua Fine
Length: 58 min
Releasedate: 2021-08-12
Cast: Dante Basco, Erica Lindbeck, Brando Eaton, Karen Strassman
Tags: Animation, Action, Adventure

2022-05-26 11:43:38.08
Collecting data from: https://www.imdb.com/search/title/?title_type=tv_movie&release_date=2021-06-01,2021-08-31&count=150
Name: Shark: The Beginning
Director: Johnny Chae
Screenwriter: kA
Length: 108 min
Releasedate: 2021-06-17
Cast: Wi Ha-Joon, Won-Chang Jung, Kim Min-Suk
Tags: Action, Drama

2022-05-26 11:43:39.526
Collecting data from: https://www.imdb.com/search/title/?title_type=tv_movie&release_date=2021-06-01,2021-08-31&count=150
Name: You Had Me at Aloha
Director: John Putch
Screenwriter: Rick Garman, Neal H. Dobrofsky, Tippi Dobrofsky2022-05-29 13:42:47.172
Collecting data from: https://www.imdb.com/search/title/?title_type=tv_movie&release_date=2018-12-05,2019-05-16&genres=Romance&count=150
Name: Bottled with Love
Director: David Weaver
Screenwriter: Kelly Bowe
Length: 84 min
Releasedate: 2019-04-13
Cast: Bethany Joy Lenz, Andrew W. Walker, Kate Craven, Bethany Brown
Tags: Drama, Romance

2022-05-29 13:42:49.098
Collecting data from: https://www.imdb.com/search/title/?title_type=tv_movie&release_date=2018-12-05,2019-05-16&genres=Romance&count=150
Name: A Brush with Love
Director: Peter DeLuise
Screenwriter: Katherine S. Chang, Robin Karfo, Joie Botkin
Length: 84 min
Releasedate: 2019-03-30
Cast: Arielle Kebbel, Nick Bateman, Matthew James Dowden, Hilary Jardine
Tags: Romance

2022-05-29 13:42:50.77
Collecting data from: https://www.imdb.com/search/title/?title_type=tv_movie&release_date=2018-12-05,2019-05-16&genres=Romance&count=150
Name: The Story of Us
Director: Scott Smith
Screenwriter: Tracy Andreen, Deborah Jones
Length: 84 min
Releasedate: 2019-02-09
Cast: Maggie Lawson, Sam Page, Marco Grazzini, Zibby Allen
Tags: Drama, Romance

2022-05-29 13:42:52.384
Collecting data from: https://www.imdb.com/search/title/?title_type=tv_movie&release_date=2018-12-05,2019-05-16&genres=Romance&count=150
Name: Christmas Around the Corner
Director: Megan Follows
Screenwriter: Michael J. Murray
Length: 90 min
Releasedate: 2018-12-14
Cast: Alexandra Breckenridge, Jamie Spilchuk, Jane Alexander, Tara Spencer-Nairn
Tags: Comedy, Drama, Romance

2022-05-29 13:42:54.985
Collecting data from: https://www.imdb.com/search/title/?title_type=tv_movie&release_date=2018-12-05,2019-05-16&genres=Romance&count=150
Name: Paris, Wine and Romance
Director: Alex Zamm
Screenwriter: Joelle Sellner, Alex Wright
Length: 84 min
Releasedate: 2019-05-04
Cast: Jen Lilley, Dan Jeannotte, Roxanne McKee, Michael D. Xavier
Tags: Romance

2022-05-29 13:42:56.535
Collecting data from: https://www.imdb.com/search/title/?title_type=tv_movie&release_date=2018-12-05,2019-05-16&genres=Romance&count=150
Name: A Winter Princess
Director: Allan Harmon
Screenwriter: Erinne Dobson
Length: 82 min
Releasedate: 2019-01-18
Cast: Natalie Hall, Chris McNally, Lara Gilchrist, Casey Manderson
Tags: Animation, Drama, Family

2022-05-29 13:42:58.237
Collecting data from: https://www.imdb.com/search/title/?title_type=tv_movie&release_date=2018-12-05,2019-05-16&genres=Romance&count=150
Name: Just Add Romance
Director: Terry Ingram
Screenwriter: Karen Berger
Length: 83 min
Releasedate: 2019-03-02
Cast: Meghann Fahy, Luke Macfarlane, Theresa Wong, Michelle Martin
Tags: Comedy, Drama, Romance

2022-05-29 13:43:00.175
Collecting data from: https://www.imdb.com/search/title/?title_type=tv_movie&release_date=2018-12-05,2019-05-16&genres=Romance&count=150
Name: From Friend to Fiancé
Director: Andrew Cymek
Screenwriter: Patrick McBrearty
Length: 77 min
Releasedate: 2019-05-25
Cast: Jocelyn Hudon, Ryan Paevey, Derek McGrath, Kelly Kruger
Tags: Drama, Romance

2022-05-29 13:43:02.615
Collecting data from: https://www.imdb.com/search/title/?title_type=tv_movie&release_date=2018-12-05,2019-05-16&genres=Romance&count=150
Name: A Feeling of Home
Director: Richard Gabai
Screenwriter: Gregg Rossen, Brian Sawyer, Duane Poole
Length: 83 min
Releasedate: 2019-05-11
Cast: Jonna Walsh, Nathan Parsons, Robby Benson, Shannon Chan-Kent
Tags: Romance

2022-05-29 13:43:04.612
Collecting data from: https://www.imdb.com/search/title/?title_type=tv_movie&release_date=2018-12-05,2019-05-16&genres=Romance&count=150
Name: No Sleep 'Til Christmas
Director: Phil Traill
Screenwriter: Steve Smith, Phil Traill
Length: 90 min
Releasedate: 2018-12-10
Cast: Odette Annable, Dave Annable, Charles Michael Davis, Alphonso McAuley
Tags: Comedy, Romance

2022-05-29 13:43:06.031
Collecting data from: https://www.imdb.com/search/title/?title_type=tv_movie&release_date=2018-12-05,2019-05-16&genres=Romance&count=150
Name: Love Takes Flight
Director: Steven R. Monroe
Screenwriter: Eric Brooks
Length: 87 min
Releasedate: 2019-04-27
Cast: Nikki Deloach, Jeff Hephner, Barbara Niven, Skylar Olivia Flanagan
Tags: Romance

2022-05-29 13:43:07.379
Collecting data from: https://www.imdb.com/search/title/?title_type=tv_movie&release_date=2018-12-05,2019-05-16&genres=Romance&count=150
Name: Mingle All the Way
Director: Allan Harmon
Screenwriter: Samantha Herman
Length: 83 min
Releasedate: 2018-12-07
Cast: Jen Lilley, Brant Daugherty, Lindsay Wagner, Casey Manderson
Tags: Drama, Romance

2022-05-29 13:43:09.076
Collecting data from: https://www.imdb.com/search/title/?title_type=tv_movie&release_date=2018-12-05,2019-05-16&genres=Romance&count=150
Name: Love, Romance, & Chocolate
Director: Jonathan Wright
Screenwriter: Rebecca Schechter
Length: 84 min
Releasedate: 2019-02-16
Cast: Lacey Chabert, Will Kemp, Brittany Bristow, Guillaume Dolmans
Tags: Romance

2022-05-29 13:43:10.709
Collecting data from: https://www.imdb.com/search/title/?title_type=tv_movie&release_date=2018-12-05,2019-05-16&genres=Romance&count=150
Name: Love to the Rescue
Director: Steven R. Monroe
Screenwriter: Sarah Montana
Length: 84 min
Releasedate: 2019-03-23
Cast: Nikki Deloach, Michael Rady, Michaela Russell, Max Ivutin
Tags: Romance

2022-05-29 13:43:11.915
Collecting data from: https://www.imdb.com/search/title/?title_type=tv_movie&release_date=2018-12-05,2019-05-16&genres=Romance&count=150
Name: Forever Christmas
Director: Christie Will Wolf
Screenwriter: Gary Goldstein, Ruth Clampett
Length: 90 min
Releasedate: 2018-12-15
Cast: Chelsea Hobbs, Christopher Russell, Matthew Kevin Anderson, Jill Morrison
Tags: Drama, Romance

2022-05-29 13:43:13.439
Collecting data from: https://www.imdb.com/search/title/?title_type=tv_movie&release_date=2018-12-05,2019-05-16&genres=Romance&count=150
Name: Easter Under Wraps
Director: Gary Yates
Screenwriter: Mike Bell, Gary Yates
Length: 83 min
Releasedate: 2019-04-20
Cast: Fiona Gubelmann, Brendan Penny, Fred Henderson, Ese Atawo
Tags: Comedy, Romance

2022-05-29 13:43:14.868
Collecting data from: https://www.imdb.com/search/title/?title_type=tv_movie&release_date=2018-12-05,2019-05-16&genres=Romance&count=150
Name: After the Storm
Director: Emma Jean Sutherland
Screenwriter: Patrick McBrearty, Christine Rimmer
Length: 91 min
Releasedate: 2019-06-08
Cast: Madeline Leon, Bo Yokely, Carlisle J. Williams, Diana Chrisman
Tags: Romance

2022-05-29 13:43:16.241
Collecting data from: https://www.imdb.com/search/title/?title_type=tv_movie&release_date=2018-12-05,2019-05-16&genres=Romance&count=150
Name: Valentine in the Vineyard
Director: Terry Ingram
Screenwriter: Marina Adair, Rick Garman
Length: 84 min
Releasedate: 2019-02-02
Cast: Rachael Leigh Cook, Brendan Penny, Marcus Rosner, Tegan Moss
Tags: Romance

2022-05-29 13:43:17.647
Collecting data from: https://www.imdb.com/search/title/?title_type=tv_movie&release_date=2018-12-05,2019-05-16&genres=Romance&count=150
Name: True Love Blooms
Director: Matthew Diamond
Screenwriter: Elias Madias
Length: 82 min
Releasedate: 2019-03-30
Cast: Sara Rue, Jordan Bridges, Aisha Duran, Amy LoCicero
Tags: Romance

2022-05-29 13:43:19.251
Collecting data from: https://www.imdb.com/search/title/?title_type=tv_movie&release_date=2018-12-05,2019-05-16&genres=Romance&count=150
Name: Winter Castle
Director: Marita Grabiak
Screenwriter: Barbara Kymlicka
Length: 83 min
Releasedate: 2019-01-05
Cast: Emilie Ullerup, Kevin McGarry, Meghan Heffern, Habree Larratt
Tags: Drama, Family, Romance

2022-05-29 13:43:20.791
Collecting data from: https://www.imdb.com/search/title/?title_type=tv_movie&release_date=2018-12-05,2019-05-16&genres=Romance&count=150
Name: Love on the Menu
Director: Ellie Kanner
Screenwriter: Kavan Smith, Alex Wright
Length: 90 min
Releasedate: 2019-02-23
Cast: Autumn Reeser, Kavan Smith, Jordyn Ashley Olson, Richard Ian Cox
Tags: Romance

2022-05-29 13:43:22.292
Collecting data from: https://www.imdb.com/search/title/?title_type=tv_movie&release_date=2018-12-05,2019-05-16&genres=Romance&count=150
Name: Northern Lights of Christmas
Director: Jonathan Wright
Screenwriter: James Iver Mattson, B.E. Brauner, Teri Wilson
Length: 120 min
Releasedate: 2018-12-15
Cast: Ashley Williams, Corey Sevier, Genelle Williams, Laura Miyata
Tags: Comedy, Drama, Family

2022-05-29 13:43:24.299
Collecting data from: https://www.imdb.com/search/title/?title_type=tv_movie&release_date=2018-12-05,2019-05-16&genres=Romance&count=150
Name: A Christmas for the Books
Director: Letia Clouston
Screenwriter: Thommy Hutson
Length: 90 min
Releasedate: 2018-12-20
Cast: Chelsea Kane, Drew Seeley, Chad Connell, Gary Brennan
Tags: Drama, Romance

2022-05-29 13:43:25.837
Collecting data from: https://www.imdb.com/search/title/?title_type=tv_movie&release_date=2018-12-05,2019-05-16&genres=Romance&count=150
Name: Flip That Romance
Director: Mark Jean
Screenwriter: Jill Girling, Lori Mather-Welch, Nina Weinman
Length: 90 min
Releasedate: 2019-03-16
Cast: Julie Gonzalo, Tyler Hynes, Cardi Wong, Jacqueline Samuda
Tags: Romance

2022-05-29 13:43:27.511
Collecting data from: https://www.imdb.com/search/title/?title_type=tv_movie&release_date=2018-12-05,2019-05-16&genres=Romance&count=150
Name: Christmas Made to Order
Director: Sam Irvin
Screenwriter: Matt Marx, Anna White
Length: 80 min
Releasedate: 2018-12-23
Cast: Alexa PenaVega, Jonathan Bennett, Jo Marie Payton, Jacob Young
Tags: Romance

2022-05-29 13:43:28.726
Collecting data from: https://www.imdb.com/search/title/?title_type=tv_movie&release_date=2018-12-05,2019-05-16&genres=Romance&count=150
Name: Hometown Christmas
Director: Emily Moss Wilson
Screenwriter: Marcy Holland, Emily Moss Wilson
Length: 90 min
Releasedate: 2018-12-16
Cast: Beverley Mitchell, Stephen Colletti, Erin Cahill, Brian McNamara
Tags: Romance

2022-05-29 13:43:30.326
Collecting data from: https://www.imdb.com/search/title/?title_type=tv_movie&release_date=2018-12-05,2019-05-16&genres=Romance&count=150
Name: Winter Love Story
Director: T.W. Peacocke
Screenwriter: MacKenzie Austin, Carrie Freedle
Length: 84 min
Releasedate: 2019-01-19
Cast: Jen Lilley, Kevin McGarry, Mary-Margaret Humes, Laura Miyata
Tags: Romance

2022-05-29 13:43:31.795
Collecting data from: https://www.imdb.com/search/title/?title_type=tv_movie&release_date=2018-12-05,2019-05-16&genres=Romance&count=150
Name: Christmas Wedding Runaway
Director: Harvey Crossland
Screenwriter: Alison Spuck McNeeley, Casie Tabanou
Length: 85 min
Releasedate: 2019-12-22
Cast: Sara Mitich, Candice Mausner, Mimi Kuzyk, Harmon Walsh
Tags: Drama, Romance

2022-05-29 13:43:33.579
Collecting data from: https://www.imdb.com/search/title/?title_type=tv_movie&release_date=2018-12-05,2019-05-16&genres=Romance&count=150
Name: Time for Me to Come Home for Christmas
Director: David Winning
Screenwriter: Shem Bitterman, Dorothy Shackleford, Travis Thrasher
Length: 84 min
Releasedate: 2018-12-09
Cast: Josh Henderson, Megan Park, Lindsay Maxwell, Paul McGillion
Tags: Comedy, Drama, Music

2022-05-29 13:43:35.197
Collecting data from: https://www.imdb.com/search/title/?title_type=tv_movie&release_date=2018-12-05,2019-05-16&genres=Romance&count=150
Name: A Midnight Kiss
Director: J.B. Sugar
Screenwriter: Seth Grossman, Michael G. Larkin
Length: 95 min
Releasedate: 2018-12-29
Cast: Adelaide Kane, Carlos PenaVega, Pauline Egan, Jason Cermak
Tags: Romance

2022-05-29 13:43:36.696
Collecting data from: https://www.imdb.com/search/title/?title_type=tv_movie&release_date=2018-12-05,2019-05-16&genres=Romance&count=150
Name: Jingle Around the Clock
Director: Paul Ziller
Screenwriter: Joie Botkin, Zac Hug, Brooke Nevin
Length: 90 min
Releasedate: 2018-12-22
Cast: Brooke Nevin, Michael Cassidy, Jeremy Guilbaut, Andrea Brooks
Tags: Comedy, Romance

2022-05-29 13:43:38.342
Collecting data from: https://www.imdb.com/search/title/?title_type=tv_movie&release_date=2018-12-05,2019-05-16&genres=Romance&count=150
Name: Swan Lake
Director: Ross MacGibbon
Screenwriter: kA
Length: 180 min
Releasedate: 2018-12-25
Cast: Dancers of the Royal Ballet, Orchestra of the Royal Opera House, Vadim Muntagirov, Marianela Nuñez
Tags: Fantasy, Music, Romance

2022-05-29 13:43:39.919
Collecting data from: https://www.imdb.com/search/title/?title_type=tv_movie&release_date=2018-12-05,2019-05-16&genres=Romance&count=150
Name: Entertaining Christmas
Director: Robin Dunne
Screenwriter: Marcy Holland
Length: 90 min
Releasedate: 2018-12-16
Cast: Jodie Sweetin, Brendan Fehr, Jane Moffat, Ana Araujo
Tags: Comedy, Romance

2022-05-29 13:43:41.367
Collecting data from: https://www.imdb.com/search/title/?title_type=tv_movie&release_date=2018-12-05,2019-05-16&genres=Romance&count=150
Name: Alice & Iza
Director: Christin Baker
Screenwriter: Bridget McManus
Length: 0 min
Releasedate: 2018-12-15
Cast: Guinevere Turner, Mandahla Rose, Bridget McManus, Karman Kregloe
Tags: Romance

2022-05-29 13:43:42.545
Collecting data from: https://www.imdb.com/search/title/?title_type=tv_movie&release_date=2018-12-05,2019-05-16&genres=Romance&count=150
Name: Welcome to Christmas
Director: Gary Harvey
Screenwriter: Rick Garman
Length: 90 min
Releasedate: 2018-12-09
Cast: Eric Mabius, Jennifer Finnigan, Susan Hogan, Lauren McNamara
Tags: Family, Romance

2022-05-29 13:43:44.396
Collecting data from: https://www.imdb.com/search/title/?title_type=tv_movie&release_date=2018-12-05,2019-05-16&genres=Romance&count=150
Name: Small Town Christmas
Director: Maclain Nelson
Screenwriter: Samantha Herman, Bruce D. Johnson, Dana Stone
Length: 120 min
Releasedate: 2018-12-16
Cast: Ashley Newbrough, Kristoffer Polaha, Preston Vanderslice, Bailey Skodje
Tags: Comedy, Drama, Romance

2022-05-29 13:43:46.241
Collecting data from: https://www.imdb.com/search/title/?title_type=tv_movie&release_date=2018-12-05,2019-05-16&genres=Romance&count=150
Name: Christmas at Grand Valley
Director: Don McCutcheon
Screenwriter: Mark Amato, Sue Tenney, Karen Berger
Length: 85 min
Releasedate: 2018-12-21
Cast: Danica McKellar, Brennan Elliott, Dan Lauria, Hattie Kragten
Tags: Romance

2022-05-29 13:43:47.691
Collecting data from: https://www.imdb.com/search/title/?title_type=tv_movie&release_date=2018-12-05,2019-05-16&genres=Romance&count=150
Name: A Christmas in Tennessee
Director: Gary Yates
Screenwriter: Cassie Doyle
Length: 87 min
Releasedate: 2018-12-09
Cast: Rachel Boston, Andrew W. Walker, Patricia Richardson, Kate Moyer
Tags: Comedy, Family, Romance

2022-05-29 13:43:49.075
Collecting data from: https://www.imdb.com/search/title/?title_type=tv_movie&release_date=2018-12-05,2019-05-16&genres=Romance&count=150
Name: Christmas Bells Are Ringing
Director: Pat Williams
Screenwriter: Nicole Baxter
Length: 90 min
Releasedate: 2018-12-22
Cast: Emilie Ullerup, Josh Kelly, Mark Humphrey, Rebecca Staab
Tags: Drama, Romance

2022-05-29 13:43:50.426
Collecting data from: https://www.imdb.com/search/title/?title_type=tv_movie&release_date=2018-12-05,2019-05-16&genres=Romance&count=150
Name: Christmas Pen Pals
Director: Siobhan Devine
Screenwriter: Carley Smale
Length: 90 min
Releasedate: 2018-12-15
Cast: Sarah Drew, Niall Matter, Michael Gross, Chiara Zanni
Tags: Comedy, Drama, Romance

2022-05-29 13:43:51.85
Collecting data from: https://www.imdb.com/search/title/?title_type=tv_movie&release_date=2018-12-05,2019-05-16&genres=Romance&count=150
Name: A Christmas in Royal Fashion
Director: Fred Olen Ray
Screenwriter: Jeffrey Schenck, Peter Sullivan, Fred Olen Ray
Length: 90 min
Releasedate: 2018-12-16
Cast: Cindy Busby, Diarmaid Murtagh, Adam Levy, Michael Paré
Tags: Romance

2022-05-29 13:43:53.28
Collecting data from: https://www.imdb.com/search/title/?title_type=tv_movie&release_date=2018-12-05,2019-05-16&genres=Romance&count=150
Name: One Winter Proposal
Director: Gary Yates
Screenwriter: Eric Brooks, Erinne Dobson
Length: 84 min
Releasedate: 2019-01-12
Cast: Taylor Cole, Jack Turner, Rukiya Bernard, Dewshane Williams
Tags: Comedy, Romance

2022-05-29 13:43:54.667
Collecting data from: https://www.imdb.com/search/title/?title_type=tv_movie&release_date=2018-12-05,2019-05-16&genres=Romance&count=150
Name: Homegrown Christmas
Director: Mel Damski
Screenwriter: Nina Weinman
Length: 90 min
Releasedate: 2018-12-08
Cast: Lori Loughlin, Victor Webster, Gwynyth Walsh, Isabella Giannulli
Tags: Romance

2022-05-29 13:43:55.977
Collecting data from: https://www.imdb.com/search/title/?title_type=tv_movie&release_date=2018-12-05,2019-05-16&genres=Romance&count=150
Name: Love Under the Rainbow
Director: Tony Dean Smith
Screenwriter: Kirsten Hansen
Length: 80 min
Releasedate: 2019-03-09
Cast: Jodie Sweetin, David Haydn-Jones, Dakota Guppy, Donna Christie
Tags: Romance

2022-05-29 13:43:57.325
Collecting data from: https://www.imdb.com/search/title/?title_type=tv_movie&release_date=2018-12-05,2019-05-16&genres=Romance&count=150
Name: Ein Sommer in der Toskana
Director: Jorgo Papavassiliou
Screenwriter: Thomas Kirdorf
Length: 90 min
Releasedate: 2019-04-28
Cast: Wolke Hegenbarth, Kerem Can, Rolf Sarkis, Susanna Capurso
Tags: Romance

2022-05-29 13:43:58.932
Collecting data from: https://www.imdb.com/search/title/?title_type=tv_movie&release_date=2018-12-05,2019-05-16&genres=Romance&count=150
Name: A Song for Mia
Director: Mira Thiel
Screenwriter: kA
Length: 89 min
Releasedate: 2019-02-16
Cast: Tim Oliver Schultz, Paula Kalenberg, Angela Roy, Daniel Friedrich
Tags: Drama, Music, Romance

2022-05-29 13:44:00.27
Collecting data from: https://www.imdb.com/search/title/?title_type=tv_movie&release_date=2018-12-05,2019-05-16&genres=Romance&count=150
Name: Die Freundin meiner Mutter
Director: Mark Monheim
Screenwriter: Martin Rehbock, Philip Voges, Kirsten Peters
Length: 90 min
Releasedate: 2019-03-13
Cast: Max Riemelt, Katja Flint, Antje Traue, Jasna Fritzi Bauer
Tags: Comedy, Romance

2022-05-29 13:44:01.786
Collecting data from: https://www.imdb.com/search/title/?title_type=tv_movie&release_date=2018-12-05,2019-05-16&genres=Romance&count=150
Name: Santa's Boots
Director: Shawn Tolleson
Screenwriter: Shannon Phipps, Shawn Tolleson
Length: 90 min
Releasedate: 2018-12-08
Cast: Megan Hilty, Noah Mills, Roark Critchlow, Patricia Isaac
Tags: Comedy, Drama, Romance

2022-05-29 13:44:03.193
Collecting data from: https://www.imdb.com/search/title/?title_type=tv_movie&release_date=2018-12-05,2019-05-16&genres=Romance&count=150
Name: Fanatic
Director: Keith L. Smith
Screenwriter: Allen Blackwell, Camara Davis, Paul D. Hannah
Length: 91 min
Releasedate: 2019-02-19
Cast: Denyce Lawton, Hosea Chanchez, Michelle Mitchenor, Darius McCrary
Tags: Crime, Drama, Romance

2022-05-29 13:44:04.437
Collecting data from: https://www.imdb.com/search/title/?title_type=tv_movie&release_date=2018-12-05,2019-05-16&genres=Romance&count=150
Name: Anatomy of Sex
Director: Francois Clousot
Screenwriter: kA
Length: 90 min
Releasedate: 2018-01-01
Cast: Charles Dera, Damon Dice, Kimmy Granger, Lily LaBeau
Tags: Romance

2022-05-29 13:44:05.929
Collecting data from: https://www.imdb.com/search/title/?title_type=tv_movie&release_date=2018-12-05,2019-05-16&genres=Romance&count=150
Name: A Gingerbread Romance
Director: Richard Gabai
Screenwriter: Barbara Kymlicka, Gregg Rossen, Brian Sawyer
Length: 90 min
Releasedate: 2021-01-08
Cast: Tia Mowry-Hardrict, Duane Henry, Jordana Lajoie, Giles Panton
Tags: Drama, Family, Romance

2022-05-29 13:44:07.385
Collecting data from: https://www.imdb.com/search/title/?title_type=tv_movie&release_date=2018-12-05,2019-05-16&genres=Romance&count=150
Name: Rent-an-Elf
Director: Nick Lyon
Screenwriter: Sam Jackson
Length: 90 min
Releasedate: 2018-12-08
Cast: Kim Shaw, Sean Patrick Thomas, Nicholle Tom, Debbi Morgan
Tags: Family, Romance

2022-05-29 13:44:08.807
Collecting data from: https://www.imdb.com/search/title/?title_type=tv_movie&release_date=2018-12-05,2019-05-16&genres=Romance&count=150
Name: Memories of Christmas
Director: Tibor Takács
Screenwriter: Valerie Alexander, Jamie Pachino, John Wierick
Length: 120 min
Releasedate: 2018-12-08
Cast: Christina Milian, Mark Taylor, Jaime M. Callica, Garry Chalk
Tags: Drama, Romance

2022-05-29 13:44:10.08
Collecting data from: https://www.imdb.com/search/title/?title_type=tv_movie&release_date=2018-12-05,2019-05-16&genres=Romance&count=150
Name: Rail Payanangal
Director: Shalini Balasundaram
Screenwriter: kA
Length: 0 min
Releasedate: 2019-01-01
Cast: Kabil Ganesan, Shalini Balasundaram, Yawanes Robert, M.S. Karthik
Tags: Romance

2022-05-29 13:44:11.499
Collecting data from: https://www.imdb.com/search/title/?title_type=tv_movie&release_date=2018-12-05,2019-05-16&genres=Romance&count=150
Name: A Baby for Christmas
Director: Eric Summer
Screenwriter: Céline Guyot, Martin Guyot
Length: 93 min
Releasedate: 2018-12-10
Cast: Laëtitia Milot, Alexis Loret, Maud Baecker, Arnaud Binard
Tags: Comedy, Drama, Romance

2022-05-29 13:44:12.799
Collecting data from: https://www.imdb.com/search/title/?title_type=tv_movie&release_date=2018-12-05,2019-05-16&genres=Romance&count=150
Name: Asktroloji
Director: Bora Onur, Ferhat Uzundag
Screenwriter: Özlem Aybek, Selim Çiprut
Length: 106 min
Releasedate: 2018-01-01
Cast: Ferhat Uzundag, Ekin Mert Daymaz, Aleyna Solaker, Berna Keklikler, Emir Ünver
Tags: Comedy, Romance

2022-05-29 13:44:14.019
Collecting data from: https://www.imdb.com/search/title/?title_type=tv_movie&release_date=2018-12-05,2019-05-16&genres=Romance&count=150
Name: X Boyfriend
Director: Kajal Arefin Ome
Screenwriter: Kajal Arefin Ome
Length: 43 min
Releasedate: 2019-02-13
Cast: Tasnia Farin, Afran Nisho, Tanjin Tisha
Tags: Comedy, Romance

2022-05-29 13:44:15.318
Collecting data from: https://www.imdb.com/search/title/?title_type=tv_movie&release_date=2018-12-05,2019-05-16&genres=Romance&count=150
Name: Verliebt in Valerie
Director: Claudia Garde
Screenwriter: Markus B. Altmeyer
Length: 90 min
Releasedate: 2019-03-02
Cast: Sebastian Zimmler, Mina Tander, Martin Wuttke, Therese Hämer
Tags: Comedy, Drama, Romance

2022-05-29 13:44:16.582
Collecting data from: https://www.imdb.com/search/title/?title_type=tv_movie&release_date=2018-12-05,2019-05-16&genres=Romance&count=150
Name: X Girlfriend
Director: Kajal Arefin Ome
Screenwriter: Kajal Arefin Ome
Length: 0 min
Releasedate: 2019-01-01
Cast: Badhan Lincoln, Afran Nisho, Ziaul Hoque Polash, Tanjin Tisha
Tags: Romance

2022-05-29 13:44:17.962
Collecting data from: https://www.imdb.com/search/title/?title_type=tv_movie&release_date=2018-12-05,2019-05-16&genres=Romance&count=150
Name: Love in Vienna
Director: Alexandre Laurent
Screenwriter: Mathieu Le Picard, Morgan Spillemaecker, Clélia Constantine
Length: 90 min
Releasedate: 2018-12-13
Cast: Barbara Cabrita, Lannick Gautry, Didier Flamand, Ilys Barillot
Tags: Comedy, Drama, Romance

2022-05-29 13:44:19.451
Collecting data from: https://www.imdb.com/search/title/?title_type=tv_movie&release_date=2018-12-05,2019-05-16&genres=Romance&count=150
Name: Der Wunschzettel
Director: Marc Rensing
Screenwriter: Martina Mouchot
Length: 89 min
Releasedate: 2018-12-07
Cast: Anne Schäfer, Sebastian Ströbel, Lena Stolze, Hans-Uwe Bauer
Tags: Drama, Family, Romance

2022-05-29 13:44:20.788
Collecting data from: https://www.imdb.com/search/title/?title_type=tv_movie&release_date=2018-12-05,2019-05-16&genres=Romance&count=150
Name: Fast perfekt verliebt
Director: Sinan Akkus
Screenwriter: Birgit Maiwald, Jörg Tensing
Length: 90 min
Releasedate: 2019-05-05
Cast: Katharina Schüttler, Aleksandar Jovanovic, Manfred Zapatka, Eva Behrens
Tags: Comedy, Romance

2022-05-29 13:44:22.691
Collecting data from: https://www.imdb.com/search/title/?title_type=tv_movie&release_date=2018-12-05,2019-05-16&genres=Romance&count=150
Name: Der süße Brei
Director: Frank Stoye
Screenwriter: Jacob Grimm, Wilhelm Grimm, Anja Kömmerling
Length: 86 min
Releasedate: 2018-12-24
Cast: Svenja Jung, Merlin Rose, Roland Wolf, Stipe Erceg
Tags: Family, Fantasy, Romance

2022-05-29 13:44:24.067
Collecting data from: https://www.imdb.com/search/title/?title_type=tv_movie&release_date=2018-12-05,2019-05-16&genres=Romance&count=150
Name: Shootouts
Director: Jack Cook
Screenwriter: Hope Ayiyi
Length: 0 min
Releasedate: 2018-01-01
Cast: Eric Roberts, Kj Smith, Derrick A. King, Brandon Brown
Tags: Comedy, Crime, Drama

2022-05-29 13:44:25.247
Collecting data from: https://www.imdb.com/search/title/?title_type=tv_movie&release_date=2018-12-05,2019-05-16&genres=Romance&count=150
Name: The Lovers Lyfe
Director: Emmai Alaquiva
Screenwriter: Nina Brooks, Brian Chavo Hart Jr., Keyada Kirkland
Length: 22 min
Releasedate: 2019-02-15
Cast: Stefon Braxton, Nalani Carpenter, Christina Cooper, Coleton Edwards
Tags: Drama, Romance

2022-05-29 13:44:26.603
Collecting data from: https://www.imdb.com/search/title/?title_type=tv_movie&release_date=2018-12-05,2019-05-16&genres=Romance&count=150
Name: Lubov po naimu
Director: Andrey Simonov
Screenwriter: kA
Length: 0 min
Releasedate: 2019-01-26
Cast: Natalia Berger, Daniil Izotov, Artyom Karasev, Sofya Lebedeva
Tags: Romance

2022-05-29 13:44:27.903
Collecting data from: https://www.imdb.com/search/title/?title_type=tv_movie&release_date=2018-12-05,2019-05-16&genres=Romance&count=150
Name: Bottervisse in die jêm
Director: Marisa Drummond
Screenwriter: Deon Opperman, Deon Meyer
Length: 69 min
Releasedate: 2019-02-17
Cast: Stiaan Smith, Dirk Jacobs, Nadia Valvekens, Leandie du Randt
Tags: Drama, Romance

2022-05-29 13:44:29.152
Collecting data from: https://www.imdb.com/search/title/?title_type=tv_movie&release_date=2018-12-05,2019-05-16&genres=Romance&count=150
Name: Gena Rowlands: A Life on Film
Director: Sabine Carbon
Screenwriter: Sabine Carbon
Length: 53 min
Releasedate: 2021-12-01
Cast: Eva Gosciejewicz, Gena Rowlands, Greg Gorman, John Cassavetes
Tags: Documentary, Biography, History

2022-05-29 13:44:30.401
Collecting data from: https://www.imdb.com/search/title/?title_type=tv_movie&release_date=2018-12-05,2019-05-16&genres=Romance&count=150
Name: Spirit Beside Me
Director: Touacha Her
Screenwriter: Touacha Her
Length: 0 min
Releasedate: 2018-01-01
Cast: Elvis Thao, Sua Vang, Ywj Moua, Veness Chang
Tags: Drama, Fantasy, Romance

2022-05-29 13:44:31.735
Collecting data from: https://www.imdb.com/search/title/?title_type=tv_movie&release_date=2018-12-05,2019-05-16&genres=Romance&count=150
Name: Tu Zarurat Hai
Director: Ganesh Davuluri
Screenwriter: Preeti Aneja, Gunjan Kuthiala
Length: 0 min
Releasedate: 2019-03-01
Cast: Gunjan Kuthiala, Javed Pathan, Javed Pathan, Mukul Kumar Mk Singh
Tags: Romance

2022-05-29 13:44:32.938
Collecting data from: https://www.imdb.com/search/title/?title_type=tv_movie&release_date=2018-12-05,2019-05-16&genres=Romance&count=150
Name: Arekti Shondeher Golpo
Director: Kajal Arefin Ome
Screenwriter: kA
Length: 0 min
Releasedate: 2019-04-14
Cast: Mishu Sabbir, Tanjin Tisha, Ziaul Hoque Polash, Tamim Mridha
Tags: Comedy, Drama, Romance

2022-05-29 13:44:34.119
Collecting data from: https://www.imdb.com/search/title/?title_type=tv_movie&release_date=2018-12-05,2019-05-16&genres=Romance&count=150
Name: Tom and Jerry
Director: Kajal Arefin Ome
Screenwriter: Kajal Arefin Ome
Length: 47 min
Releasedate: 2019-04-13
Cast: Tanzim Hasan Anik, Mehazabien Chowdhury, Leuna Luvaina Islam, Afran Nisho
Tags: Drama, Romance

2022-05-29 13:44:35.548
Collecting data from: https://www.imdb.com/search/title/?title_type=tv_movie&release_date=2018-12-05,2019-05-16&genres=Romance&count=150
Name: Contemporary Mating Rituals
Director: Mariyam Mahbub
Screenwriter: Mariyam Mahbub
Length: 53 min
Releasedate: 2022-05-29
Cast: Hannah Tamminen, Annie To
Tags: Comedy, Drama, Romance

2022-05-29 13:44:36.696
Collecting data from: https://www.imdb.com/search/title/?title_type=tv_movie&release_date=2018-12-05,2019-05-16&genres=Romance&count=150
Name: Video Girl AI SP
Director: kA
Screenwriter: kA
Length: 0 min
Releasedate: 2019-01-18
Cast: Nanase Nishino, Shûhei Nomura, Hiroya Shimizu
Tags: Romance

2022-05-29 13:44:37.791
Collecting data from: https://www.imdb.com/search/title/?title_type=tv_movie&release_date=2018-12-05,2019-05-16&genres=Romance&count=150
Name: Science Er Meye Arts Er Chele
Director: Habib Shakil
Screenwriter: kA
Length: 66 min
Releasedate: 2018-01-01
Cast: Mehazabien Chowdhury, Afran Nisho
Tags: Romance

2022-05-29 13:44:38.967
Collecting data from: https://www.imdb.com/search/title/?title_type=tv_movie&release_date=2018-12-05,2019-05-16&genres=Romance&count=150
Name: As Melhores Coisas da Vida
Director: Andrea Avancini
Screenwriter: Gleyson Spadetti
Length: 0 min
Releasedate: 2019-05-01
Cast: Bryan Seta Amante, Isabel Avilla, Gabi Costa, Bruna de França
Tags: Romance

2022-05-29 13:44:40.317
Collecting data from: https://www.imdb.com/search/title/?title_type=tv_movie&release_date=2018-12-05,2019-05-16&genres=Romance&count=150
Name: Desaparecidos
Director: Marcos Almada
Screenwriter: Marcos Almada
Length: 88 min
Releasedate: 2019-03-16
Cast: Celestino Adame, Jorge Alonso, Alma Aranda, Gladys Aranda
Tags: Adventure, Romance, Sci-Fi

2022-05-29 13:44:41.61
Collecting data from: https://www.imdb.com/search/title/?title_type=tv_movie&release_date=2018-12-05,2019-05-16&genres=Romance&count=150
Name: Island
Director: Claudia La Bianca
Screenwriter: Claudia La Bianca
Length: 40 min
Releasedate: 2022-05-29
Cast: Katarina Morhacova
Tags: Drama, Mystery, Romance

2022-05-29 13:44:42.854
Collecting data from: https://www.imdb.com/search/title/?title_type=tv_movie&release_date=2018-12-05,2019-05-16&genres=Romance&count=150
Name: Suluhkan Aku Cahaya
Director: Ismail Yaacob
Screenwriter: kA
Length: 0 min
Releasedate: 2019-02-16
Cast: kA
Tags: Romance

2022-05-29 13:44:43.881
Collecting data from: https://www.imdb.com/search/title/?title_type=tv_movie&release_date=2018-12-05,2019-05-16&genres=Romance&count=150
Name: Novogodniy angel
Director: Valeriy Ibragimov
Screenwriter: Yana Romanenko
Length: 0 min
Releasedate: 2018-12-29
Cast: Vlad Kanopka, Yelena Khokhlatkina, Evgeniya Nokhrina, Kira Podolskaya
Tags: Drama, Romance

2022-05-29 13:44:45.091
Collecting data from: https://www.imdb.com/search/title/?title_type=tv_movie&release_date=2018-12-05,2019-05-16&genres=Romance&count=150
Name: Beloved Storage
Director: Vinci Wan-Sze Wong
Screenwriter: kA
Length: 45 min
Releasedate: 2022-05-29
Cast: kA
Tags: Crime, Drama, Family

2022-05-29 13:44:46.156
Collecting data from: https://www.imdb.com/search/title/?title_type=tv_movie&release_date=2018-12-05,2019-05-16&genres=Romance&count=150
Name: Romance
Director: Mohamed Chrif Tribak
Screenwriter: kA
Length: 88 min
Releasedate: 2018-01-01
Cast: Kamal Bouzian, Alae El Bachiri, Sabrine Zeibal
Tags: Romance

2022-05-29 13:44:47.296
Collecting data from: https://www.imdb.com/search/title/?title_type=tv_movie&release_date=2018-12-05,2019-05-16&genres=Romance&count=150
Name: Tyomnaya storona sveta
Director: Grigori Zhikharevich
Screenwriter: Grigori Zhikharevich
Length: 0 min
Releasedate: 2019-03-29
Cast: Leonid Alimov, Anna Banshchikova, Anatoliy Druzenko, Yuriy Elagin
Tags: Crime, Drama, Romance

2022-05-29 13:44:48.49
Collecting data from: https://www.imdb.com/search/title/?title_type=tv_movie&release_date=2018-12-05,2019-05-16&genres=Romance&count=150
Name: Poka byotsya serdtse
Director: Ekaterina Dvigubskaya
Screenwriter: kA
Length: 0 min
Releasedate: 2018-12-08
Cast: Svyatoslav Astramovich, Andrey Davidyuk, Vladimir Gorislavets, Sergey Kozin
Tags: Drama, Romance

2022-05-29 13:44:49.689
Collecting data from: https://www.imdb.com/search/title/?title_type=tv_movie&release_date=2018-12-05,2019-05-16&genres=Romance&count=150
Name: Bepannah
Director: kA
Screenwriter: Rahul Sharma
Length: 0 min
Releasedate: 2019-01-22
Cast: Nilesh Tiwari
Tags: Romance

2022-05-29 13:44:50.963
Collecting data from: https://www.imdb.com/search/title/?title_type=tv_movie&release_date=2018-12-05,2019-05-16&genres=Romance&count=150
Name: Dezertorul
Director: Silviu Jicman
Screenwriter: Silviu Jicman, Mihail Sorbul
Length: 0 min
Releasedate: 2018-12-23
Cast: Andrei Ciopec, George Constantinescu, Razvan Enciu, Ada Gales
Tags: Action, Comedy, Drama

2022-05-29 13:44:52.055
Collecting data from: https://www.imdb.com/search/title/?title_type=tv_movie&release_date=2018-12-05,2019-05-16&genres=Romance&count=150
Name: Same Same And Different
Director: Seok Wun Au Yong
Screenwriter: Seok Wun Au Yong, Milyana Dolashka, Thunnyahnondha 'Notes' Kaewbaidhoon
Length: 26 min
Releasedate: 2022-05-29
Cast: Thunnyahnondha 'Notes' Kaewbaidhoon, Milyana Dolashka, Miso Suchy, Yoanna Ferrara
Tags: Comedy, Drama, Romance

2022-05-29 13:44:53.486
Collecting data from: https://www.imdb.com/search/title/?title_type=tv_movie&release_date=2018-12-05,2019-05-16&genres=Romance&count=150
Name: Odrisho Deyal
Director: Ruman Runi
Screenwriter: kA
Length: 58 min
Releasedate: 2018-01-01
Cast: Zakia Bari Momo, Abdun Noor Shajal
Tags: Romance

